{"level":"error","message":"RT @Gemacan70: om @jokowi this is the best of president which prioritizes the nation..how about you ..om heloww om 😊 https://t.co/6vWHheZhQE","timestamp":"2017-06-17T13:00:11.847Z"}
{"level":"error","message":"RT @TerorisSocmed: Emang @KPK_RI Ini Lembaga yg dihuni para Malaikat ??\n\nGk boleh di Audit ???\nGk boleh dikritisi ???\n\nKredibilitas KP… ","timestamp":"2017-06-17T13:00:13.807Z"}
{"level":"error","message":"Raise or the fall of the empire? Tech Talent in the UK #Infographic https://t.co/cEixXsQdcr #PHP #Java #javascript… https://t.co/EwfsDGUulI","timestamp":"2017-06-17T13:00:15.860Z"}
{"level":"error","message":"Javascript library that runs any .vi on browser without LabVIEW installed. WebGL/WebCL FPGA Deepmind SAP Forex IBM Nasdaq 1497704418","timestamp":"2017-06-17T13:00:17.475Z"}
{"level":"error","message":"@Aryprasetyo85 @wiranto1947 @jokowi @tribratanews @humasjakpus @DivHumasPolri @CCICPolri @_TNIAU @MasTBP_… https://t.co/CN10Yu4KWl","timestamp":"2017-06-17T13:00:18.360Z"}
{"level":"error","message":"Direct Message us your #java #javascript #jquery #angular2 #json articles to us.We will tweet it from our account","timestamp":"2017-06-17T13:00:18.661Z"}
{"level":"error","message":"RT @CH_chotimah: Ayo cepat dibangun pak @jokowi biar nanti tim nyinyirnya SBY rame2 mengklaim itu ide SBY.😄 https://t.co/b7fow6A3rV","timestamp":"2017-06-17T13:00:19.588Z"}
{"level":"error","message":"The latest only for developers! https://t.co/qNQj9S4qWl Thanks to @itsmeERROR @RF_McCarthy @tawnie_mizer #programming #javascript","timestamp":"2017-06-17T13:00:23.058Z"}
{"level":"error","message":"RT @RinjaniJB: Ridwan Kamil: Hasil Survei Sebut 7 Juta Penduduk Jabar Tolak Pancasila\n*Gubernurnya dari PKS\n*WARNING !\n@jokowi \n\nhttps://t.…","timestamp":"2017-06-17T13:00:24.298Z"}
{"level":"error","message":"@JktMajuBersama @aniesbaswedan @sandiuno @Persija_Jkt Dilihat z kemajuan apa yg akan terjadi utk jakarta kedepannya...","timestamp":"2017-06-17T13:00:25.732Z"}
{"level":"error","message":"@NatabuanaS @jokowi Hrs diakui rejim ini sll cetak rekor : TDL termahal di dunia, pertumbuhan ekonomi no 3 didunia,… https://t.co/iX7DgHn5Vy","timestamp":"2017-06-17T13:00:25.733Z"}
{"level":"error","message":"@brondongmega @TerorisSocmed @jokowi @KPK_RI inilah keseriusan pak jokowi, siapapun terlibat KORUPSI tetap diproses hukum... ini jadi contoh","timestamp":"2017-06-17T13:00:26.347Z"}
{"level":"error","message":"RT @BangAjiez: @TerorisSocmed @KPK_RI @jokowi Kalau maling nilai Nominal Rp 1 Triliun keatas BUKAN Korupsi, itu hibah Negara makan… ","timestamp":"2017-06-17T13:00:28.902Z"}
{"level":"error","message":"@Handdm171717 @timomanullang @dewi_tutiana @Habib_Ngganteng @SupermanCemonk @heriyono22 @irwank2k2 @arekgubeng2… https://t.co/Mrv5vD8cON","timestamp":"2017-06-17T13:00:29.115Z"}
{"level":"error","message":"RT @hildathawilla: Jangan2 emang otak mereka ngga nyampe bang https://t.co/AK73L3SKq1","timestamp":"2017-06-17T13:00:29.247Z"}
{"level":"error","message":"Salahnya buka puasa apa ya? https://t.co/ik08v8mJgZ","timestamp":"2017-06-17T13:00:30.480Z"}
{"level":"error","message":"Pak ahok..... \n:( :'( https://t.co/LPXuG2Z2kB","timestamp":"2017-06-17T13:00:31.453Z"}
{"level":"error","message":"New post: \"Djarot: Ahok Tambah Sehat dan Tampak Kekar\" https://t.co/ZHOUAIBrRT","timestamp":"2017-06-17T13:00:31.696Z"}
{"level":"error","message":"RT @ranabaja: Rakyat tak bodoh. PT 20-25% dengan rujukan hasil pemilu 2014 artinya cuma partai besar yang bisa punya capres. Anda mau jadi…","timestamp":"2017-06-17T13:00:33.041Z"}
{"level":"error","message":"RT @TerorisSocmed: Apakah @jokowi ikut melindungi @KPK_RI dari Angket DPR krn adik iparnya terkait kasus suap ??\n\nAtau KPK coba sembunyikan…","timestamp":"2017-06-17T13:00:33.355Z"}
{"level":"error","message":"RT @setkabgoid: Presiden @jokowi resmikan proyek2 infrastruktur diantaranya Jembatan Gantung Kali Galeh, Jembatan Gantung Soropadan… ","timestamp":"2017-06-17T13:00:33.387Z"}
{"level":"error","message":"CURHATAN RAKYAT MU PAK @jokowi @hanifdhakiri @fadjroeL \n\nCc @Fahrihamzah @fadlizon https://t.co/4scPjxiG37","timestamp":"2017-06-17T13:00:33.912Z"}
{"level":"error","message":"@lmsblt Practical javascript by Gordon zhu \nYou should check totally check it out!","timestamp":"2017-06-17T13:00:34.621Z"}
{"level":"error","message":"RT @TerorisSocmed: Emang @KPK_RI Ini Lembaga yg dihuni para Malaikat ??\n\nGk boleh di Audit ???\nGk boleh dikritisi ???\n\nKredibilitas KP… ","timestamp":"2017-06-17T13:00:35.869Z"}
{"level":"error","message":"RT @DivHumasHansip: @detikcom jokowi ini jiwanya sakit, muak liat pencitraanya,kaca dibuka minum difoto   https://t.co/pTusrb2deY","timestamp":"2017-06-17T13:00:37.401Z"}
{"level":"error","message":"RT @Dennysiregar7: Inilah isu usang yang ingin goyang pakde @jokowi https://t.co/LWU1aIq2R3","timestamp":"2017-06-17T13:00:41.570Z"}
{"level":"error","message":"Dikorbankan demi menutupi yg besar, E-KTP, RSSW, Reklamasi, BLBI, Ahok mangkrak. #DukungHakAngket @DPR_RI  Bongkar… https://t.co/bB0sXRmDFM","timestamp":"2017-06-17T13:00:41.822Z"}
{"level":"error","message":"Have 2+ yrs of Web Development w/ #Java #JavaScript #HTML5 &amp; #ES6 on #Redux #React &amp;  similar frameworks? https://t.co/UmyLTzNLPq","timestamp":"2017-06-17T13:00:42.346Z"}
{"level":"error","message":"RT @ken_shofiyulloh: Lounching #sabadesa.id &amp; buka bersama para pendamping desa se-kabupaten sukabumi @EkoSandjojo @jokowi #SalamBerdesa ht…","timestamp":"2017-06-17T13:00:43.099Z"}
{"level":"error","message":"RT @doni17_kemin: Korupsi E-KTP, Gadis Ahok Segera Disidang https://t.co/rr66JHD4ls","timestamp":"2017-06-17T13:00:44.437Z"}
{"level":"error","message":"RT @MurtadhaOne: Keren dan Gokilnya Menteri @KemenPU \n\"Jendral Pembangunan\" nya Jokowi https://t.co/zra0WIUvrS","timestamp":"2017-06-17T13:00:45.762Z"}
{"level":"error","message":"My Last NodeConf - https://t.co/gThPWsgc0Y","timestamp":"2017-06-17T13:00:45.821Z"}
{"level":"error","message":"angular-webpack-quickstart - Angular QuickStart with Webpack 2 - so... https://t.co/WH09YdsDRN  #npm #javascript #nodejs","timestamp":"2017-06-17T13:00:47.456Z"}
{"level":"error","message":"bomber-charts - This addon contains a lot of charts for ember. All charts are ba... https://t.co/4lsSF2uD0W  #npm #javascript #nodejs","timestamp":"2017-06-17T13:00:48.861Z"}
{"level":"error","message":"circuit-api-sdk - Circuit API SDK https://t.co/b55I8uCqiq  #npm #javascript #nodejs","timestamp":"2017-06-17T13:00:50.003Z"}
{"level":"error","message":"eslint-config-posrix - Personal workspace ESLint config https://t.co/42xNvIFx9L  #npm #javascript #nodejs","timestamp":"2017-06-17T13:00:52.843Z"}
{"level":"error","message":"RT @HMJUSUFRIZAL: Jika sudah kalah tidak perlu cari kambing hitam. Move on. Rakyat Jakarta sudah cerdas tak mau suara dihargai 5 kilo… ","timestamp":"2017-06-17T13:00:53.092Z"}
{"level":"error","message":"faye-2 - Simple pub/sub messaging for the web https://t.co/MuaxWZzAhY  #npm #javascript #nodejs","timestamp":"2017-06-17T13:00:53.459Z"}
{"level":"error","message":"RT @Dennysiregar7: Inilah isu usang yang ingin goyang pakde @jokowi https://t.co/LWU1aIq2R3","timestamp":"2017-06-17T13:00:53.681Z"}
{"level":"error","message":"firekit - Toolkit for connecting Firebase with Redux store https://t.co/Ega8RKRajz  #npm #javascript #nodejs","timestamp":"2017-06-17T13:00:53.840Z"}
{"level":"error","message":"@timomanullang @beequeensoun @dewi_tutiana @Habib_Ngganteng @SupermanCemonk @heriyono22 @irwank2k2 @arekgubeng2… https://t.co/ogyhMNphxn","timestamp":"2017-06-17T13:00:54.635Z"}
{"level":"error","message":"\"@liputan6dotcom: Djarot Jenguk Ahok di Mako Brimob Depok https://t.co/bOT0BoZayl https://t.co/kzz7fVRIOH\"","timestamp":"2017-06-17T13:00:55.270Z"}
{"level":"error","message":"hexo-excerpt-block - A plugin for hexo, enable mark excerpt block in post e... https://t.co/xVLUjhU7Ww  #npm #javascript #nodejs","timestamp":"2017-06-17T13:00:56.045Z"}
{"level":"error","message":"i-forms - Intelligent Forms to detect invalid inputs https://t.co/72B8XndZFz  #npm #javascript #nodejs","timestamp":"2017-06-17T13:00:56.469Z"}
{"level":"error","message":"@jaquith Sadly so many projects I work on are still div soup. I blame JavaScript and lazy developers :)","timestamp":"2017-06-17T13:00:57.239Z"}
{"level":"error","message":"RT @jobsRmine: #hiring JavaScript Developer - £45,000 - Manchester, Manchester, Lancashire, GB, £45K, fulltime #manchester #gbj... https://…","timestamp":"2017-06-17T13:00:58.017Z"}
{"level":"error","message":"Javascript Kodları İndir https://t.co/2EYvVmIEUe","timestamp":"2017-06-17T13:00:58.708Z"}
{"level":"error","message":"koa-static-2 - Static file serving middleware for koa https://t.co/7y1hNv6FoK  #npm #javascript #nodejs","timestamp":"2017-06-17T13:00:59.064Z"}
{"level":"error","message":"Are you a JavaScript #Developer? Let's talk! #careers #Hull https://t.co/mTaznHNS3C","timestamp":"2017-06-17T13:00:59.065Z"}
{"level":"error","message":"RT @TerorisSocmed: Apakah @jokowi ikut melindungi @KPK_RI dari Angket DPR krn adik iparnya terkait kasus suap ??\n\nAtau KPK coba sembunyikan…","timestamp":"2017-06-17T13:01:00.287Z"}
{"level":"error","message":"Djarot: Ahok Tambah Sehat dan Tampak Kekar https://t.co/SSKg3NmP7x","timestamp":"2017-06-17T13:01:00.625Z"}
{"level":"error","message":"longitude-client - Geolocation for browsers https://t.co/0OThwBGSkN  #npm #javascript #nodejs","timestamp":"2017-06-17T13:01:00.744Z"}
{"level":"error","message":"@hits_bangets semakin banyak potensi pemain muda yg muncul, udh siap gantikan seniornya, top @jokowi @wiranto1947… https://t.co/MoVgLv4arJ","timestamp":"2017-06-17T13:01:03.529Z"}
{"level":"error","message":"miniapp-cli - A scaffold for wechat mini appplication, surport mitiple pre-complie... https://t.co/q8nea2PYuA  #npm #javascript #nodejs","timestamp":"2017-06-17T13:01:03.696Z"}
{"level":"error","message":"@Handdm171717 @timomanullang @dewi_tutiana @Habib_Ngganteng @SupermanCemonk @heriyono22 @irwank2k2 @arekgubeng2… https://t.co/Vq40rWEK2R","timestamp":"2017-06-17T13:01:03.944Z"}
{"level":"error","message":"RT @suaranasional: Sri Bintang: Rezim Jokowi Manfaatkan Polri untuk Melawan Rakyatnya Sendiri https://t.co/bzwkSs2yc4 https://t.co/bh1CInta…","timestamp":"2017-06-17T13:01:04.032Z"}
{"level":"error","message":"mocha-2 - simple, flexible, fun test framework https://t.co/5jfJZoF9AX  #npm #javascript #nodejs","timestamp":"2017-06-17T13:01:04.264Z"}
{"level":"error","message":"modhex - modhex encoding/decoding used by Yubico-OTP Authentication https://t.co/IJqVpA0kYf  #npm #javascript #nodejs","timestamp":"2017-06-17T13:01:04.500Z"}
{"level":"error","message":"RT @angelmbanks: Building Your First React Native App – @ladyleet https://t.co/ngbosqg10C #React #ReactNative #Reactjs #JavaScript https://…","timestamp":"2017-06-17T13:01:05.137Z"}
{"level":"error","message":"19+ #JavaScript Shorthand Coding Techniques\n\nhttps://t.co/B5BFLYsEoX via @SitePointJS \n\n#js #coding #programming https://t.co/dDn1ttZwp1","timestamp":"2017-06-17T13:01:05.923Z"}
{"level":"error","message":"Closing twitter stream","timestamp":"2017-06-17T13:01:07.159Z"}
{"level":"error","message":"Closing twitter stream","timestamp":"2017-06-17T13:01:07.162Z"}
